<?xml version="1.0" encoding="UTF-8"?>
<!-- Generated by org.testng.reporters.JUnitXMLReporter -->
<testsuite ignored="0" hostname="Ranjith" failures="0" tests="4" name="Default test" time="37.807" errors="0" timestamp="2024-08-30T16:59:59 IST">
  <testcase classname="org.runner.DemoWebsho" name="Login" time="7.647"/>
  <testcase classname="org.runner.DemoWebsho" name="SerachProduct" time="1.738"/>
  <testcase classname="org.runner.DemoWebsho" name="proudctAdd" time="3.158"/>
  <testcase classname="org.runner.DemoWebsho" name="paymentPage" time="20.19"/>
</testsuite> <!-- Default test -->
