<?xml version="1.0" encoding="UTF-8"?>
<testng-results ignored="0" total="4" passed="4" failed="0" skipped="0">
  <reporter-output>
  </reporter-output>
  <suite started-at="2024-08-30T16:59:22 IST" name="Default suite" finished-at="2024-08-30T16:59:59 IST" duration-ms="37807">
    <groups>
    </groups>
    <test started-at="2024-08-30T16:59:22 IST" name="Default test" finished-at="2024-08-30T16:59:59 IST" duration-ms="37807">
      <class name="org.runner.DemoWebsho">
        <test-method is-config="true" signature="OpenBrowser()[pri:0, instance:org.runner.DemoWebsho@6cb107fd]" started-at="2024-08-30T16:59:22 IST" name="OpenBrowser" finished-at="2024-08-30T16:59:26 IST" duration-ms="4801" status="PASS">
          <reporter-output>
          </reporter-output>
        </test-method> <!-- OpenBrowser -->
        <test-method signature="Login()[pri:0, instance:org.runner.DemoWebsho@6cb107fd]" started-at="2024-08-30T16:59:26 IST" name="Login" finished-at="2024-08-30T16:59:34 IST" duration-ms="7647" status="PASS">
          <reporter-output>
          </reporter-output>
        </test-method> <!-- Login -->
        <test-method signature="SerachProduct()[pri:1, instance:org.runner.DemoWebsho@6cb107fd]" started-at="2024-08-30T16:59:34 IST" name="SerachProduct" finished-at="2024-08-30T16:59:36 IST" duration-ms="1738" status="PASS">
          <reporter-output>
          </reporter-output>
        </test-method> <!-- SerachProduct -->
        <test-method signature="proudctAdd()[pri:2, instance:org.runner.DemoWebsho@6cb107fd]" started-at="2024-08-30T16:59:36 IST" name="proudctAdd" finished-at="2024-08-30T16:59:39 IST" duration-ms="3158" status="PASS">
          <reporter-output>
          </reporter-output>
        </test-method> <!-- proudctAdd -->
        <test-method signature="paymentPage()[pri:3, instance:org.runner.DemoWebsho@6cb107fd]" started-at="2024-08-30T16:59:39 IST" name="paymentPage" finished-at="2024-08-30T16:59:59 IST" duration-ms="20190" status="PASS">
          <reporter-output>
          </reporter-output>
        </test-method> <!-- paymentPage -->
        <test-method is-config="true" signature="closBroswer()[pri:0, instance:org.runner.DemoWebsho@6cb107fd]" started-at="2024-08-30T16:59:59 IST" name="closBroswer" finished-at="2024-08-30T16:59:59 IST" duration-ms="218" status="PASS">
          <reporter-output>
          </reporter-output>
        </test-method> <!-- closBroswer -->
      </class> <!-- org.runner.DemoWebsho -->
    </test> <!-- Default test -->
  </suite> <!-- Default suite -->
</testng-results>
